{
  "RSpec": {
    "coverage": {
      "/Users/kjenkins/turing/mod3/projects/breaking_down_barriers/app/helpers/application_helper.rb": [
        1,
        null
      ],
      "/Users/kjenkins/turing/mod3/projects/breaking_down_barriers/app/models/user.rb": [
        1,
        1,
        null,
        1,
        0,
        0,
        0,
        0,
        0,
        0,
        null,
        null,
        null
      ],
      "/Users/kjenkins/turing/mod3/projects/breaking_down_barriers/app/models/profile.rb": [
        1,
        1,
        1,
        1,
        null,
        1,
        0,
        null,
        null
      ],
      "/Users/kjenkins/turing/mod3/projects/breaking_down_barriers/app/models/application_record.rb": [
        1,
        1,
        null
      ],
      "/Users/kjenkins/turing/mod3/projects/breaking_down_barriers/app/mailers/application_mailer.rb": [
        0,
        0,
        0,
        0
      ],
      "/Users/kjenkins/turing/mod3/projects/breaking_down_barriers/app/models/employer.rb": [
        0,
        0,
        0,
        0,
        null,
        0,
        0
      ],
      "/Users/kjenkins/turing/mod3/projects/breaking_down_barriers/app/models/job.rb": [
        0,
        0,
        0,
        0,
        0,
        0
      ],
      "/Users/kjenkins/turing/mod3/projects/breaking_down_barriers/app/jobs/application_job.rb": [
        0,
        0
      ],
      "/Users/kjenkins/turing/mod3/projects/breaking_down_barriers/app/controllers/jobs_controller.rb": [
        0,
        0,
        null,
        null,
        0,
        0,
        null,
        0,
        0,
        0,
        0,
        null,
        0,
        0,
        0,
        0,
        null,
        0,
        0,
        null,
        0,
        0,
        0,
        0,
        0,
        0,
        0,
        null,
        0,
        0,
        0,
        0,
        null,
        0,
        0,
        0,
        0,
        0,
        0,
        0,
        0,
        0,
        0,
        null,
        0,
        0,
        0,
        0,
        null,
        0,
        0,
        null,
        0,
        0,
        0,
        0,
        0
      ],
      "/Users/kjenkins/turing/mod3/projects/breaking_down_barriers/app/controllers/application_controller.rb": [
        0,
        0,
        null,
        0,
        null,
        0,
        0,
        0,
        null,
        0,
        0,
        0,
        0
      ],
      "/Users/kjenkins/turing/mod3/projects/breaking_down_barriers/app/controllers/employers_controller.rb": [
        0,
        0,
        0,
        0,
        null,
        0,
        0,
        0,
        0,
        null,
        0,
        0,
        0,
        null,
        0,
        0,
        0,
        0,
        0,
        0,
        0,
        0,
        0,
        null,
        0,
        0,
        0,
        null,
        0,
        0,
        0,
        0,
        null,
        0,
        null,
        0,
        0,
        0,
        null,
        0
      ],
      "/Users/kjenkins/turing/mod3/projects/breaking_down_barriers/app/controllers/profiles_controller.rb": [
        0,
        null,
        0,
        0,
        0,
        null,
        0,
        0,
        0,
        0,
        0,
        0,
        0,
        0,
        0,
        null,
        0,
        0,
        0,
        null,
        0,
        0,
        0,
        0,
        0,
        0,
        0,
        0,
        0,
        0,
        null,
        0,
        null,
        0,
        0,
        0,
        null,
        0
      ],
      "/Users/kjenkins/turing/mod3/projects/breaking_down_barriers/app/controllers/users_controller.rb": [
        0,
        0,
        0,
        0,
        null,
        0,
        0,
        null,
        0,
        null,
        0,
        0,
        null,
        0,
        0,
        0,
        0,
        0,
        null,
        0,
        0
      ],
      "/Users/kjenkins/turing/mod3/projects/breaking_down_barriers/app/controllers/sessions_controller.rb": [
        0,
        0,
        0,
        null,
        0,
        0,
        0,
        0,
        0,
        0,
        0,
        0,
        0,
        0,
        0,
        0,
        0,
        0,
        0,
        null,
        0,
        0,
        0,
        0,
        0,
        0,
        0,
        0,
        0,
        null,
        0
      ],
      "/Users/kjenkins/turing/mod3/projects/breaking_down_barriers/app/controllers/home_controller.rb": [
        0,
        0,
        null,
        null,
        null,
        null,
        null,
        null,
        0,
        0
      ],
      "/Users/kjenkins/turing/mod3/projects/breaking_down_barriers/app/channels/application_cable/connection.rb": [
        0,
        0,
        0,
        0
      ],
      "/Users/kjenkins/turing/mod3/projects/breaking_down_barriers/app/channels/application_cable/channel.rb": [
        0,
        0,
        0,
        0
      ]
    },
    "timestamp": 1519707768
  }
}
